Connecting to database specified by database.yml
Connecting to database specified by database.yml
  [1m[36m (0.1ms)[0m  [1mselect sqlite_version(*)[0m
  [1m[35m (194.3ms)[0m  CREATE TABLE "schema_migrations" ("version" varchar(255) NOT NULL) 
  [1m[36m (197.6ms)[0m  [1mCREATE UNIQUE INDEX "unique_schema_migrations" ON "schema_migrations" ("version")[0m
  [1m[35m (0.2ms)[0m  SELECT "schema_migrations"."version" FROM "schema_migrations" 
Migrating to CreateWishes (20130609193113)
  [1m[36m (0.1ms)[0m  [1mbegin transaction[0m
  [1m[35m (0.9ms)[0m  CREATE TABLE "wishes" ("id" INTEGER PRIMARY KEY AUTOINCREMENT NOT NULL, "name" varchar(255), "status" boolean, "created_at" datetime NOT NULL, "updated_at" datetime NOT NULL) 
  [1m[36m (0.2ms)[0m  [1mINSERT INTO "schema_migrations" ("version") VALUES ('20130609193113')[0m
  [1m[35m (212.4ms)[0m  commit transaction
  [1m[36m (0.2ms)[0m  [1mSELECT "schema_migrations"."version" FROM "schema_migrations" [0m
Connecting to database specified by database.yml
Connecting to database specified by database.yml
Connecting to database specified by database.yml


Started GET "/" for 127.0.0.1 at Sun Jun 09 21:49:50 +0200 2013
Processing by WishesController#index as HTML
  [1m[36mWish Load (0.1ms)[0m  [1mSELECT "wishes".* FROM "wishes" [0m
  Rendered wishes/index.html.erb within layouts/application (2.5ms)
Compiled scaffolds.css  (86ms)  (pid 19743)
Compiled wishes.css  (2ms)  (pid 19743)
Compiled application.css  (131ms)  (pid 19743)
Compiled jquery.js  (8ms)  (pid 19743)
Compiled jquery_ujs.js  (0ms)  (pid 19743)
Compiled wishes.js  (578ms)  (pid 19743)
Compiled application.js  (697ms)  (pid 19743)
Completed 200 OK in 1017ms (Views: 975.5ms | ActiveRecord: 18.3ms)


Started GET "/assets/application.css?body=1" for 127.0.0.1 at Sun Jun 09 21:49:52 +0200 2013
Served asset /application.css - 304 Not Modified (7ms)


Started GET "/assets/wishes.css?body=1" for 127.0.0.1 at Sun Jun 09 21:49:52 +0200 2013
Served asset /wishes.css - 200 OK (2ms)


Started GET "/assets/scaffolds.css?body=1" for 127.0.0.1 at Sun Jun 09 21:49:52 +0200 2013
Served asset /scaffolds.css - 304 Not Modified (2ms)


Started GET "/assets/wishes.js?body=1" for 127.0.0.1 at Sun Jun 09 21:49:52 +0200 2013
Served asset /wishes.js - 200 OK (2ms)


Started GET "/assets/jquery.js?body=1" for 127.0.0.1 at Sun Jun 09 21:49:52 +0200 2013
Served asset /jquery.js - 304 Not Modified (45ms)


Started GET "/assets/jquery_ujs.js?body=1" for 127.0.0.1 at Sun Jun 09 21:49:52 +0200 2013
Served asset /jquery_ujs.js - 304 Not Modified (3ms)


Started GET "/assets/application.js?body=1" for 127.0.0.1 at Sun Jun 09 21:49:52 +0200 2013
Served asset /application.js - 304 Not Modified (8ms)


Started GET "/wishes/new" for 127.0.0.1 at Sun Jun 09 21:50:00 +0200 2013
Processing by WishesController#new as HTML
  Rendered wishes/_form.html.erb (45.5ms)
  Rendered wishes/new.html.erb within layouts/application (72.5ms)
Completed 200 OK in 159ms (Views: 154.3ms | ActiveRecord: 0.0ms)


Started GET "/assets/application.css?body=1" for 127.0.0.1 at Sun Jun 09 21:50:00 +0200 2013
Served asset /application.css - 304 Not Modified (0ms)


Started GET "/assets/scaffolds.css?body=1" for 127.0.0.1 at Sun Jun 09 21:50:00 +0200 2013
Served asset /scaffolds.css - 304 Not Modified (0ms)


Started GET "/assets/wishes.css?body=1" for 127.0.0.1 at Sun Jun 09 21:50:00 +0200 2013
Served asset /wishes.css - 304 Not Modified (0ms)


Started GET "/assets/wishes.js?body=1" for 127.0.0.1 at Sun Jun 09 21:50:00 +0200 2013
Served asset /wishes.js - 304 Not Modified (0ms)


Started GET "/assets/jquery_ujs.js?body=1" for 127.0.0.1 at Sun Jun 09 21:50:00 +0200 2013
Served asset /jquery_ujs.js - 304 Not Modified (0ms)


Started GET "/assets/jquery.js?body=1" for 127.0.0.1 at Sun Jun 09 21:50:00 +0200 2013
Served asset /jquery.js - 304 Not Modified (0ms)


Started GET "/assets/application.js?body=1" for 127.0.0.1 at Sun Jun 09 21:50:00 +0200 2013
Served asset /application.js - 304 Not Modified (0ms)


Started POST "/wishes" for 127.0.0.1 at Sun Jun 09 21:50:03 +0200 2013
Processing by WishesController#create as HTML
  Parameters: {"wish"=>{"name"=>"", "status"=>"0"}, "utf8"=>"✓", "commit"=>"Create Wish", "authenticity_token"=>"vef/R0fVztTVWj0+pTuPk+ay6gsYFrd+pHp0qJQ1a0s="}
  [1m[35m (0.1ms)[0m  begin transaction
  [1m[36mSQL (103.1ms)[0m  [1mINSERT INTO "wishes" ("created_at", "name", "status", "updated_at") VALUES (?, ?, ?, ?)[0m  [["created_at", Sun, 09 Jun 2013 19:50:03 UTC +00:00], ["name", ""], ["status", false], ["updated_at", Sun, 09 Jun 2013 19:50:03 UTC +00:00]]
  [1m[35m (181.3ms)[0m  commit transaction
Redirected to http://localhost:3000/wishes/1
Completed 302 Found in 289ms (ActiveRecord: 284.5ms)


Started GET "/wishes/1" for 127.0.0.1 at Sun Jun 09 21:50:03 +0200 2013
Processing by WishesController#show as HTML
  Parameters: {"id"=>"1"}
  [1m[36mWish Load (0.3ms)[0m  [1mSELECT "wishes".* FROM "wishes" WHERE "wishes"."id" = ? LIMIT 1[0m  [["id", "1"]]
  Rendered wishes/show.html.erb within layouts/application (1.3ms)
Completed 200 OK in 45ms (Views: 41.2ms | ActiveRecord: 0.3ms)


Started GET "/assets/application.css?body=1" for 127.0.0.1 at Sun Jun 09 21:50:04 +0200 2013
Served asset /application.css - 304 Not Modified (0ms)


Started GET "/assets/scaffolds.css?body=1" for 127.0.0.1 at Sun Jun 09 21:50:04 +0200 2013
Served asset /scaffolds.css - 304 Not Modified (0ms)


Started GET "/assets/jquery_ujs.js?body=1" for 127.0.0.1 at Sun Jun 09 21:50:04 +0200 2013
Served asset /jquery_ujs.js - 304 Not Modified (0ms)


Started GET "/assets/wishes.js?body=1" for 127.0.0.1 at Sun Jun 09 21:50:04 +0200 2013
Served asset /wishes.js - 304 Not Modified (0ms)


Started GET "/assets/jquery.js?body=1" for 127.0.0.1 at Sun Jun 09 21:50:04 +0200 2013
Served asset /jquery.js - 304 Not Modified (0ms)


Started GET "/assets/wishes.css?body=1" for 127.0.0.1 at Sun Jun 09 21:50:04 +0200 2013
Served asset /wishes.css - 304 Not Modified (0ms)


Started GET "/assets/application.js?body=1" for 127.0.0.1 at Sun Jun 09 21:50:04 +0200 2013
Served asset /application.js - 304 Not Modified (0ms)


Started GET "/wishes" for 127.0.0.1 at Sun Jun 09 21:50:08 +0200 2013
Processing by WishesController#index as HTML
  [1m[35mWish Load (1.6ms)[0m  SELECT "wishes".* FROM "wishes" 
  Rendered wishes/index.html.erb within layouts/application (1.7ms)
Completed 200 OK in 75ms (Views: 22.5ms | ActiveRecord: 1.6ms)


Started GET "/assets/application.css?body=1" for 127.0.0.1 at Sun Jun 09 21:50:09 +0200 2013
Served asset /application.css - 304 Not Modified (0ms)


Started GET "/assets/wishes.css?body=1" for 127.0.0.1 at Sun Jun 09 21:50:09 +0200 2013
Served asset /wishes.css - 304 Not Modified (0ms)


Started GET "/assets/jquery.js?body=1" for 127.0.0.1 at Sun Jun 09 21:50:09 +0200 2013
Served asset /jquery.js - 304 Not Modified (0ms)


Started GET "/assets/scaffolds.css?body=1" for 127.0.0.1 at Sun Jun 09 21:50:09 +0200 2013
Served asset /scaffolds.css - 304 Not Modified (0ms)


Started GET "/assets/jquery_ujs.js?body=1" for 127.0.0.1 at Sun Jun 09 21:50:09 +0200 2013
Served asset /jquery_ujs.js - 304 Not Modified (0ms)


Started GET "/assets/wishes.js?body=1" for 127.0.0.1 at Sun Jun 09 21:50:09 +0200 2013
Served asset /wishes.js - 304 Not Modified (0ms)


Started GET "/assets/application.js?body=1" for 127.0.0.1 at Sun Jun 09 21:50:09 +0200 2013
Served asset /application.js - 304 Not Modified (0ms)
